0 info it worked if it ends with ok
1 verbose cli [ 'node', '/usr/local/bin/npm', 'start' ]
2 info using npm@1.1.43
3 info using node@v0.8.2
4 verbose node symlink /usr/local/bin/node
5 verbose config file /Users/codenberg/.npmrc
6 verbose config file /usr/local/etc/npmrc
7 verbose config file /usr/local/lib/node_modules/npm/npmrc
8 verbose read json /Users/codenberg/Documents/EGL/CivicSeed/package.json
9 verbose run-script [ 'prestart', 'start', 'poststart' ]
10 info prestart CivicSeed-testing@0.0.6-5
11 info start CivicSeed-testing@0.0.6-5
12 verbose unsafe-perm in lifecycle true
13 silly exec sh "-c" "node ./bin/server"
14 silly sh,-c,node ./bin/server,/Users/codenberg/Documents/EGL/CivicSeed spawning
15 info CivicSeed-testing@0.0.6-5 Failed to exec start script
16 error CivicSeed-testing@0.0.6-5 start: `node ./bin/server`
16 error `sh "-c" "node ./bin/server"` failed with 1
17 error Failed at the CivicSeed-testing@0.0.6-5 start script.
17 error This is most likely a problem with the CivicSeed-testing package,
17 error not with npm itself.
17 error Tell the author that this fails on your system:
17 error     node ./bin/server
17 error You can get their info via:
17 error     npm owner ls CivicSeed-testing
17 error There is likely additional logging output above.
18 error System Darwin 11.4.2
19 error command "node" "/usr/local/bin/npm" "start"
20 error cwd /Users/codenberg/Documents/EGL/CivicSeed
21 error node -v v0.8.2
22 error npm -v 1.1.43
23 error code ELIFECYCLE
24 error stack Error: CivicSeed-testing@0.0.6-5 start: `node ./bin/server`
24 error stack `sh "-c" "node ./bin/server"` failed with 1
24 error stack     at ChildProcess.<anonymous> (/usr/local/lib/node_modules/npm/lib/utils/exec.js:56:20)
24 error stack     at ChildProcess.EventEmitter.emit (events.js:91:17)
24 error stack     at Process._handle.onexit (child_process.js:674:10)
25 verbose exit [ 1, true ]
